app/build/outputs/mapping/debug/mapping.txt
# compiler: R8
# compiler_version: 1.5.68
# min_api: 16
# pg_map_id: 758c4fa
com.example.track.MainActivity -> com.example.track.MainActivity:
    7:7:void <init>() -> <init>
    11:13:void onCreate(android.os.Bundle) -> onCreate
com.example.track.Resgistration -> com.example.track.Resgistration:
    com.google.firebase.auth.FirebaseAuth firebaseAuth -> t
    android.widget.EditText mPassword -> q
    java.lang.String userID -> r
    android.widget.EditText mEmail -> p
    android.widget.Button mregisterButton -> s
    com.google.firebase.firestore.FirebaseFirestore fStore -> u
    25:25:void <init>() -> <init>
    36:105:void onCreate(android.os.Bundle) -> onCreate
com.example.track.Resgistration$1 -> com.example.track.Resgistration$a:
    com.example.track.Resgistration this$0 -> b
    51:51:void <init>(com.example.track.Resgistration) -> <init>
    57:103:void onClick(android.view.View) -> onClick
com.example.track.Resgistration$1$1 -> com.example.track.Resgistration$a$a:
    com.example.track.Resgistration$1 this$1 -> b
    java.lang.String val$email -> a
    77:77:void <init>(com.example.track.Resgistration$1,java.lang.String) -> <init>
    81:85:void onComplete(com.google.android.gms.tasks.Task) -> a
com.example.track.logIn -> com.example.track.logIn:
    7:7:void <init>() -> <init>
    11:13:void onCreate(android.os.Bundle) -> onCreate
...
androidx.vectordrawable.graphics.drawable.AnimatedVectorDrawableCompat$1 -> b.o.a.a.c$a:
    androidx.vectordrawable.graphics.drawable.AnimatedVectorDrawableCompat this$0 -> b
    723:723:void <init>(androidx.vectordrawable.graphics.drawable.AnimatedVectorDrawableCompat) -> <init>
    726:727:void invalidateDrawable(android.graphics.drawable.Drawable) -> invalidateDrawable
    731:732:void scheduleDrawable(android.graphics.drawable.Drawable,java.lang.Runnable,long) -> scheduleDrawable
    736:737:void unscheduleDrawable(android.graphics.drawable.Drawable,java.lang.Runnable) -> unscheduleDrawable
androidx.vectordrawable.graphics.drawable.AnimatedVectorDrawableCompat$AnimatedVectorDrawableCompatState -> b.o.a.a.c$b:
    androidx.vectordrawable.graphics.drawable.VectorDrawableCompat mVectorDrawable -> b
    android.animation.AnimatorSet mAnimatorSet -> c
    androidx.collection.ArrayMap mTargetNameMap -> e
    java.util.ArrayList mAnimators -> d
    int mChangingConfigurations -> a
    589:620:void <init>(android.content.Context,androidx.vectordrawable.graphics.drawable.AnimatedVectorDrawableCompat$AnimatedVectorDrawableCompatState,android.graphics.drawable.Drawable$Callback,android.content.res.Resources) -> <init>
    638:642:void setupAnimatorSet() -> a
    634:634:int getChangingConfigurations() -> getChangingConfigurations
    624:624:android.graphics.drawable.Drawable newDrawable() -> newDrawable
    629:629:android.graphics.drawable.Drawable newDrawable(android.content.res.Resources) -> newDrawable
androidx.vectordrawable.graphics.drawable.AnimatedVectorDrawableCompat$AnimatedVectorDrawableDelegateState -> b.o.a.a.c$c:
    android.graphics.drawable.Drawable$ConstantState mDelegateState -> a
    538:540:void <init>(android.graphics.drawable.Drawable$ConstantState) -> <init>
    571:571:boolean canApplyTheme() -> canApplyTheme
    576:576:int getChangingConfigurations() -> getChangingConfigurations
    544:548:android.graphics.drawable.Drawable newDrawable() -> newDrawable
    553:557:android.graphics.drawable.Drawable newDrawable(android.content.res.Resources) -> newDrawable
    562:566:android.graphics.drawable.Drawable newDrawable(android.content.res.Resources,android.content.res.Resources$Theme) -> newDrawable
androidx.vectordrawable.graphics.drawable.AnimationUtilsCompat -> b.o.a.a.d:
    67:95:android.view.animation.Interpolator loadInterpolator(android.content.Context,int) -> a
    105:146:android.view.animation.Interpolator createInterpolatorFromXml(android.content.Context,android.content.res.Resources,android.content.res.Resources$Theme,org.xmlpull.v1.XmlPullParser) -> a
androidx.vectordrawable.graphics.drawable.AnimatorInflaterCompat -> b.o.a.a.e:
    100:105:android.animation.Animator loadAnimator(android.content.Context,int) -> a
    119:119:android.animation.Animator loadAnimator(android.content.Context,android.content.res.Resources,android.content.res.Resources$Theme,int) -> a
    129:147:android.animation.Animator loadAnimator(android.content.Context,android.content.res.Resources,android.content.res.Resources$Theme,int,float) -> a
    207:331:android.animation.PropertyValuesHolder getPVH(android.content.res.TypedArray,int,int,int,java.lang.String) -> a
    345:378:void parseAnimatorFromTypeArray(android.animation.ValueAnimator,android.content.res.TypedArray,android.content.res.TypedArray,float,org.xmlpull.v1.XmlPullParser) -> a
    390:429:void setupObjectAnimator(android.animation.ValueAnimator,android.content.res.TypedArray,int,float,org.xmlpull.v1.XmlPullParser) -> a
    436:447:void setupPathMotion(android.graphics.Path,android.animation.ObjectAnimator,float,java.lang.String,java.lang.String) -> a
    501:501:android.animation.Animator createAnimatorFromXml(android.content.Context,android.content.res.Resources,android.content.res.Resources$Theme,org.xmlpull.v1.XmlPullParser,float) -> a